SLURMD_NODENAME pascal006
SBATCH_CLUSTERS doesnt exist
SBATCH_PARTITION doesnt exist
SLURM_JOB_PARTITION gpu
SLURM_NODEID 0
SLURM_MEM_PER_GPU doesnt exist
SLURM_MEM_PER_CPU doesnt exist
SLURM_MEM_PER_NODE 96000
SLURM_JOB_ID 37021152
Namespace(limit=10, project_name='ddpo-appendix', seed=22, image_dir='/scratch/jlb638/ddpo-appendix-images/', num_inference_steps=30, model_list=['jlbaker361/ddpo-clip-128', 'jlbaker361/ddpo-kmeans-text-128', 'jlbaker361/ddpo-kmeans-image-128'])
loading from  /scratch/jlb638/trans_cache/models--jlbaker361--ddpo-clip-128/snapshots/5520fdd37ca6ee91b9389e5d3ca72df203c530f5/pytorch_lora_weights.safetensors
loaded 256 params
successfully loaded from
loading from  /scratch/jlb638/trans_cache/models--jlbaker361--ddpo-kmeans-text-128/snapshots/216b35bc2cc64567e31d11d776085443ef32ca43/pytorch_lora_weights.safetensors
loaded 256 params
successfully loaded from
loading from  /scratch/jlb638/trans_cache/models--jlbaker361--ddpo-kmeans-image-128/snapshots/7b290ec18b465df90e7438de0290d7c2305a5ac5/pytorch_lora_weights.safetensors
loaded 256 params
successfully loaded from
drawing of  a landscape
picture of  a building
picture of  an animal
drawing of  an object
drawing of a man
picture of  shapes
picture of a man
picture of  a woman
painting of  a woman
painting of  an animal
all done :)))
