SLURMD_NODENAME gpuk004
SBATCH_CLUSTERS doesnt exist
SBATCH_PARTITION doesnt exist
SLURM_JOB_PARTITION gpu
SLURM_NODEID 0
SLURM_MEM_PER_GPU doesnt exist
SLURM_MEM_PER_CPU doesnt exist
SLURM_MEM_PER_NODE 96000
SLURM_JOB_ID 37029437
Namespace(limit=10, project_name='ddpo-appendix', seed=19, image_dir='appendix-19-64', num_inference_steps=30, model_list=['jlbaker361/ddpo-clip-64', 'jlbaker361/ddpo-kmeans-text-64', 'jlbaker361/ddpo-kmeans-image-64'])
loading from  /scratch/jlb638/trans_cache/models--jlbaker361--ddpo-clip-64/snapshots/009b52ad27d8514082da0978c1065e09aa589884/pytorch_lora_weights.safetensors
loaded 256 params
successfully loaded from
loading from  /scratch/jlb638/trans_cache/models--jlbaker361--ddpo-kmeans-text-64/snapshots/6ae697689803aa168b1a9407ab76f7fb4b77afe0/pytorch_lora_weights.safetensors
loaded 256 params
successfully loaded from
loading from  /scratch/jlb638/trans_cache/models--jlbaker361--ddpo-kmeans-image-64/snapshots/54c95259e9d5ccc4b8e546fe3ba3ff870079908f/pytorch_lora_weights.safetensors
loaded 256 params
successfully loaded from
jlbaker361/ddpo-clip-64 & jlbaker361/ddpo-kmeans-text-64 & jlbaker361/ddpo-kmeans-image-64  \\
 
  & appendix-19-64/0.png& appendix-19-64/0.png& appendix-19-64/0.png \\
painting of  a building
painting of  a building & appendix-19-64/1.png& appendix-19-64/1.png& appendix-19-64/1.png \\
drawing of  a landscape
drawing of  a landscape & appendix-19-64/2.png& appendix-19-64/2.png& appendix-19-64/2.png \\
picture of  an object
picture of  an object & appendix-19-64/3.png& appendix-19-64/3.png& appendix-19-64/3.png \\
picture of  a landscape
picture of  a landscape & appendix-19-64/4.png& appendix-19-64/4.png& appendix-19-64/4.png \\
painting of  shapes
painting of  shapes & appendix-19-64/5.png& appendix-19-64/5.png& appendix-19-64/5.png \\
painting of a man
painting of a man & appendix-19-64/6.png& appendix-19-64/6.png& appendix-19-64/6.png \\
drawing of  a woman
drawing of  a woman & appendix-19-64/7.png& appendix-19-64/7.png& appendix-19-64/7.png \\
picture of a man
picture of a man & appendix-19-64/8.png& appendix-19-64/8.png& appendix-19-64/8.png \\
drawing of  shapes
drawing of  shapes & appendix-19-64/9.png& appendix-19-64/9.png& appendix-19-64/9.png \\
all done :)))
